<?xml version="1.0" encoding="UTF-8"?>
<!-- Generated by org.testng.reporters.JUnitReportReporter -->
<testsuite hostname="DESKTOP-HV3UBSC" failures="0" tests="3" name="com.qa.AutomationTalksTest.BaseTest" time="46.820" errors="0" timestamp="21 Dec 2020 13:21:16 GMT" skipped="0">
  <testcase classname="com.qa.AutomationTalksTest.BaseTest" name="ValidateHomepage" time="14.176"/>
  <testcase classname="com.qa.AutomationTalksTest.BaseTest" name="ValidateLoginPage" time="14.952"/>
  <testcase classname="com.qa.AutomationTalksTest.BaseTest" name="ValidateRegistrationpage" time="17.692"/>
</testsuite> <!-- com.qa.AutomationTalksTest.BaseTest -->
