<?xml version="1.0" encoding="UTF-8"?>
<!-- Generated by org.testng.reporters.JUnitReportReporter -->
<testsuite hostname="DESKTOP-HV3UBSC" failures="0" tests="3" name="com.qa.AutomationTalksTest.BaseTest" time="48.035" errors="0" timestamp="21 Dec 2020 16:42:52 GMT" skipped="0">
  <testcase classname="com.qa.AutomationTalksTest.BaseTest" name="ValidateLoginPage" time="14.891"/>
  <testcase classname="com.qa.AutomationTalksTest.BaseTest" name="ValidateRegistrationpage" time="19.457"/>
  <testcase classname="com.qa.AutomationTalksTest.BaseTest" name="ValidateHomepage" time="13.687"/>
</testsuite> <!-- com.qa.AutomationTalksTest.BaseTest -->
