<?xml version="1.0" encoding="UTF-8"?>
<!-- Generated by org.testng.reporters.JUnitReportReporter -->
<testsuite hostname="DESKTOP-HV3UBSC" failures="0" tests="3" name="com.qa.AutomationTalksTest.BaseTest_SeleniumGrid" time="33.929" errors="0" timestamp="27 Dec 2020 14:56:01 GMT" skipped="0">
  <testcase classname="com.qa.AutomationTalksTest.BaseTest_SeleniumGrid" name="ValidateHomepage" time="11.536"/>
  <testcase classname="com.qa.AutomationTalksTest.BaseTest_SeleniumGrid" name="ValidateRegistrationpage" time="11.250"/>
  <testcase classname="com.qa.AutomationTalksTest.BaseTest_SeleniumGrid" name="ValidateLoginPage" time="11.143"/>
</testsuite> <!-- com.qa.AutomationTalksTest.BaseTest_SeleniumGrid -->
