<?xml version="1.0" encoding="UTF-8"?>
<!-- Generated by org.testng.reporters.JUnitReportReporter -->
<testsuite hostname="DESKTOP-HV3UBSC" failures="0" tests="3" name="com.qa.AutomationTalksTest.BaseTest" time="49.431" errors="0" timestamp="15 Dec 2020 18:38:26 GMT" skipped="0">
  <testcase classname="com.qa.AutomationTalksTest.BaseTest" name="test1" time="15.611"/>
  <testcase classname="com.qa.AutomationTalksTest.BaseTest" name="test3" time="16.550"/>
  <testcase classname="com.qa.AutomationTalksTest.BaseTest" name="test2" time="17.270"/>
</testsuite> <!-- com.qa.AutomationTalksTest.BaseTest -->
