<?xml version="1.0" encoding="UTF-8"?>
<!-- Generated by org.testng.reporters.JUnitReportReporter -->
<testsuite skipped="0" hostname="Swapnil" name="com.qa.AutomationTalksTest.BaseTest" tests="3" failures="0" timestamp="11 Dec 2020 15:52:29 GMT" time="62.734" errors="0">
  <testcase name="test2" time="25.299" classname="com.qa.AutomationTalksTest.BaseTest"/>
  <testcase name="test1" time="18.175" classname="com.qa.AutomationTalksTest.BaseTest"/>
  <testcase name="test3" time="19.260" classname="com.qa.AutomationTalksTest.BaseTest"/>
</testsuite> <!-- com.qa.AutomationTalksTest.BaseTest -->
