<?xml version="1.0" encoding="UTF-8"?>
<!-- Generated by org.testng.reporters.JUnitReportReporter -->
<testsuite skipped="0" hostname="Swapnil" name="com.qa.AutomationTalksTest.BaseTest" tests="3" failures="0" timestamp="08 Nov 2020 12:15:18 GMT" time="57.088" errors="0">
  <testcase name="test2" time="29.946" classname="com.qa.AutomationTalksTest.BaseTest"/>
  <testcase name="test1" time="13.952" classname="com.qa.AutomationTalksTest.BaseTest"/>
  <testcase name="test3" time="13.190" classname="com.qa.AutomationTalksTest.BaseTest"/>
</testsuite> <!-- com.qa.AutomationTalksTest.BaseTest -->
